
ELENCO PARTECIPANTI E VALORI INIZIALI:

Angelo
Care: 5
Punteggio: 3

_____________________________________________________________________________
Fele
Care: 1
Punteggio: 3

_____________________________________________________________________________
Gianmarco
Care: 4
Punteggio: 3

_____________________________________________________________________________
Federico
Care: 7
Punteggio: 3

_____________________________________________________________________________
Demetrio
Care: 2
Punteggio: 3

_____________________________________________________________________________
Peppe
Care: 6
Punteggio: 3

_____________________________________________________________________________
Leo
Care: 7
Punteggio: 3

_____________________________________________________________________________
Stefano
Care: 1
Punteggio: 3

__________________________________________________________________________________________________________________________________________________________
      INIZIO ROUND NUMERO: 1
_____________________________________________________________________________
 Round 1 Gruppo: 1
Fine round, dati: 
Scelte: 
First player choice: false
Second player choice: true
Punteggio Fele : 6

Punteggio Angelo : 1
_____________________________________________________________________________
 Round 1 Gruppo: 2
Fine round, dati: 
Scelte: 
First player choice: true
Second player choice: true
Punteggio Stefano : 5

Punteggio Gianmarco : 5
_____________________________________________________________________________
 Round 1 Gruppo: 3
Fine round, dati: 
Scelte: 
First player choice: false
Second player choice: true
Punteggio Federico : 6

Punteggio Leo : 1
_____________________________________________________________________________
 Round 1 Gruppo: 4
Fine round, dati: 
Scelte: 
First player choice: true
Second player choice: false
Punteggio Peppe : 1

Punteggio Demetrio : 6
_____________________________________________________________________________
      INIZIO ROUND NUMERO: 2
_____________________________________________________________________________
 Round 2 Gruppo: 1
Fine round, dati: 
Scelte: 
First player choice: false
Second player choice: true
Punteggio Fele : 9

Punteggio Federico : 4
_____________________________________________________________________________
 Round 2 Gruppo: 2
Fine round, dati: 
Scelte: 
First player choice: false
Second player choice: true
Punteggio Gianmarco : 8

Punteggio Leo : -1
_____________________________________________________________________________
 Round 2 Gruppo: 3
Fine round, dati: 
Scelte: 
First player choice: true
Second player choice: false
Punteggio Angelo : -1

Punteggio Peppe : 4
_____________________________________________________________________________
      INIZIO ROUND NUMERO: 3
_____________________________________________________________________________
 Round 3 Gruppo: 1
Fine round, dati: 
Scelte: 
First player choice: true
Second player choice: false
Punteggio Demetrio : 4

Punteggio Federico : 7
_____________________________________________________________________________
 Round 3 Gruppo: 2
Fine round, dati: 
Scelte: 
First player choice: false
Second player choice: true
Punteggio Peppe : 7

Punteggio Fele : 7
_____________________________________________________________________________
 Round 3 Gruppo: 3
Fine round, dati: 
Scelte: 
First player choice: true
Second player choice: false
Punteggio Gianmarco : 6

Punteggio Stefano : 8
_____________________________________________________________________________
      INIZIO ROUND NUMERO: 4
_____________________________________________________________________________
 Round 4 Gruppo: 1
Fine round, dati: 
Scelte: 
First player choice: true
Second player choice: false
Punteggio Demetrio : 2

Punteggio Federico : 10
_____________________________________________________________________________
 Round 4 Gruppo: 2
Fine round, dati: 
Scelte: 
First player choice: false
Second player choice: true
Punteggio Fele : 10

Punteggio Gianmarco : 4
_____________________________________________________________________________
 Round 4 Gruppo: 3
Fine round, dati: 
Scelte: 
First player choice: true
Second player choice: false
Punteggio Stefano : 6

Punteggio Peppe : 10
_____________________________________________________________________________
      INIZIO ROUND NUMERO: 5
_____________________________________________________________________________
 Round 5 Gruppo: 1
Fine round, dati: 
Scelte: 
First player choice: false
Second player choice: true
Punteggio Fele : 13

Punteggio Gianmarco : 2
_____________________________________________________________________________
 Round 5 Gruppo: 2
Fine round, dati: 
Scelte: 
First player choice: true
Second player choice: true
Punteggio Stefano : 8

Punteggio Federico : 12
_____________________________________________________________________________
 Round 5 Gruppo: 3
Fine round, dati: 
Scelte: 
First player choice: true
Second player choice: true
Punteggio Demetrio : 4

Punteggio Peppe : 12
_____________________________________________________________________________
      INIZIO ROUND NUMERO: 6
_____________________________________________________________________________
 Round 6 Gruppo: 1
Fine round, dati: 
Scelte: 
First player choice: true
Second player choice: true
Punteggio Fele : 15

Punteggio Peppe : 14
_____________________________________________________________________________
 Round 6 Gruppo: 2
Fine round, dati: 
Scelte: 
First player choice: true
Second player choice: false
Punteggio Federico : 10

Punteggio Gianmarco : 5
_____________________________________________________________________________
 Round 6 Gruppo: 3
Fine round, dati: 
Scelte: 
First player choice: false
Second player choice: true
Punteggio Demetrio : 7

Punteggio Stefano : 6
_____________________________________________________________________________
      INIZIO ROUND NUMERO: 7
_____________________________________________________________________________
 Round 7 Gruppo: 1
Fine round, dati: 
Scelte: 
First player choice: false
Second player choice: false
Punteggio Demetrio : 7

Punteggio Gianmarco : 5
_____________________________________________________________________________
 Round 7 Gruppo: 2
Fine round, dati: 
Scelte: 
First player choice: true
Second player choice: true
Punteggio Stefano : 8

Punteggio Federico : 12
_____________________________________________________________________________
 Round 7 Gruppo: 3
Fine round, dati: 
Scelte: 
First player choice: true
Second player choice: true
Punteggio Fele : 17

Punteggio Peppe : 16

___________________________________________________________________________________________

            GIOCO CONCLUSO 

 Ha chiuso il gioco : 
Fele
Care: 1 Punteggio: 17

 LISTA PUNTEGGI FINALI: 

Demetrio
Care: 2
Punteggio: 7

_____________________________________________________________________________
Gianmarco
Care: 4
Punteggio: 5

_____________________________________________________________________________
Stefano
Care: 1
Punteggio: 8

_____________________________________________________________________________
Federico
Care: 7
Punteggio: 12

_____________________________________________________________________________
Fele
Care: 1
Punteggio: 17

_____________________________________________________________________________
Peppe
Care: 6
Punteggio: 16

_____________________________________________________________________________